Arguments: 
  C:\Program Files\nodejs\node.exe C:\Program Files (x86)\Yarn\bin\yarn.js init

PATH: 
  C:\Programmierzeug\JavaScript\TmUtil\node_modules\.bin;C:\php\php7.3;C:\ProgramData\Oracle\Java\javapath;C:\Windows\system32;C:\Windows;C:\Windows\System32\Wbem;C:\Windows\System32\WindowsPowerShell\v1.0\;C:\Program Files (x86)\NVIDIA Corporation\PhysX\Common;C:\Programmierzeug\php\composer;C:\Programmierzeug\php\symfony;C:\WINDOWS\system32;C:\WINDOWS;C:\WINDOWS\System32\Wbem;C:\WINDOWS\System32\WindowsPowerShell\v1.0\;C:\Program Files\Git\cmd;C:\WINDOWS\System32\OpenSSH\;C:\Program Files\nodejs\;C:\Program Files (x86)\Yarn\bin\;C:\bin\php-7.2.0RC3;C:\Ruby24-x64\bin;C:\Users\tanue\AppData\Local\Microsoft\WindowsApps;C:\Users\tanue\AppData\Roaming\Composer\vendor\bin;C:\Program Files\JetBrains\PhpStorm 2018.3.3\bin;;C:\Users\tanue\AppData\Roaming\npm;C:\Users\tanue\AppData\Local\Yarn\bin

Yarn version: 
  1.13.0

Node version: 
  10.15.0

Platform: 
  win32 x64

Trace: 
  SyntaxError: C:\Programmierzeug\JavaScript\TmUtil\package.json: Unexpected end of JSON input
      at JSON.parse (<anonymous>)
      at C:\Program Files (x86)\Yarn\lib\cli.js:1625:59
      at Generator.next (<anonymous>)
      at step (C:\Program Files (x86)\Yarn\lib\cli.js:304:30)
      at C:\Program Files (x86)\Yarn\lib\cli.js:315:13

npm manifest: 
  

yarn manifest: 
  No manifest

Lockfile: 
  No lockfile
